# JRE version: Java(TM) SE Runtime Environment (8.0_60-b27) (build 1.8.0_60-b27)
# Java VM: Java HotSpot(TM) 64-Bit Server VM (25.60-b23 mixed mode windows-amd64 compressed oops)
Heap:
 PSYoungGen      total 860160K, used 495055K [0x000000076af80000, 0x00000007a5500000, 0x00000007c0000000)
  eden space 807424K, 61% used [0x000000076af80000,0x00000007892f3f98,0x000000079c400000)
  from space 52736K, 0% used [0x00000007a0580000,0x00000007a0580000,0x00000007a3900000)
  to   space 67072K, 0% used [0x000000079c400000,0x000000079c400000,0x00000007a0580000)
 ParOldGen       total 305664K, used 159763K [0x00000006c0e00000, 0x00000006d3880000, 0x000000076af80000)
  object space 305664K, 52% used [0x00000006c0e00000,0x00000006caa04d50,0x00000006d3880000)
 Metaspace       used 43770K, capacity 44197K, committed 44544K, reserved 1089536K
  class space    used 5120K, capacity 5257K, committed 5376K, reserved 1048576K
GC Heap History (10 events):
Event: 22.749 GC heap before
{Heap before GC invocations=16 (full 3):
 PSYoungGen      total 871936K, used 8617K [0x000000076af80000, 0x00000007a3800000, 0x00000007c0000000)
  eden space 820736K, 1% used [0x000000076af80000,0x000000076b7ea738,0x000000079d100000)
  from space 51200K, 0% used [0x00000007a0400000,0x00000007a0400000,0x00000007a3600000)
  to   space 52224K, 0% used [0x000000079d100000,0x000000079d100000,0x00000007a0400000)
 ParOldGen       total 160256K, used 91649K [0x00000006c0e00000, 0x00000006caa80000, 0x000000076af80000)
  object space 160256K, 57% used [0x00000006c0e00000,0x00000006c6780720,0x00000006caa80000)
 Metaspace       used 35852K, capacity 36189K, committed 36608K, reserved 1081344K
  class space    used 4410K, capacity 4503K, committed 4608K, reserved 1048576K
Event: 22.750 GC heap after
Heap after GC invocations=16 (full 3):
 PSYoungGen      total 872960K, used 64K [0x000000076af80000, 0x00000007a3900000, 0x00000007c0000000)
  eden space 820736K, 0% used [0x000000076af80000,0x000000076af80000,0x000000079d100000)
  from space 52224K, 0% used [0x000000079d100000,0x000000079d110000,0x00000007a0400000)
  to   space 52736K, 0% used [0x00000007a0580000,0x00000007a0580000,0x00000007a3900000)
 ParOldGen       total 160256K, used 91649K [0x00000006c0e00000, 0x00000006caa80000, 0x000000076af80000)
  object space 160256K, 57% used [0x00000006c0e00000,0x00000006c6780720,0x00000006caa80000)
 Metaspace       used 35852K, capacity 36189K, committed 36608K, reserved 1081344K
  class space    used 4410K, capacity 4503K, committed 4608K, reserved 1048576K
}
Event: 22.750 GC heap before
{Heap before GC invocations=17 (full 4):
 PSYoungGen      total 872960K, used 64K [0x000000076af80000, 0x00000007a3900000, 0x00000007c0000000)
  eden space 820736K, 0% used [0x000000076af80000,0x000000076af80000,0x000000079d100000)
  from space 52224K, 0% used [0x000000079d100000,0x000000079d110000,0x00000007a0400000)
  to   space 52736K, 0% used [0x00000007a0580000,0x00000007a0580000,0x00000007a3900000)
 ParOldGen       total 160256K, used 91649K [0x00000006c0e00000, 0x00000006caa80000, 0x000000076af80000)
  object space 160256K, 57% used [0x00000006c0e00000,0x00000006c6780720,0x00000006caa80000)
 Metaspace       used 35852K, capacity 36189K, committed 36608K, reserved 1081344K
  class space    used 4410K, capacity 4503K, committed 4608K, reserved 1048576K
Event: 22.800 GC heap after
Heap after GC invocations=17 (full 4):
 PSYoungGen      total 872960K, used 0K [0x000000076af80000, 0x00000007a3900000, 0x00000007c0000000)
  eden space 820736K, 0% used [0x000000076af80000,0x000000076af80000,0x000000079d100000)
  from space 52224K, 0% used [0x000000079d100000,0x000000079d100000,0x00000007a0400000)
  to   space 52736K, 0% used [0x00000007a0580000,0x00000007a0580000,0x00000007a3900000)
 ParOldGen       total 160256K, used 91649K [0x00000006c0e00000, 0x00000006caa80000, 0x000000076af80000)
  object space 160256K, 57% used [0x00000006c0e00000,0x00000006c6780760,0x00000006caa80000)
 Metaspace       used 35852K, capacity 36189K, committed 36608K, reserved 1081344K
  class space    used 4410K, capacity 4503K, committed 4608K, reserved 1048576K
}
Event: 24.742 GC heap before
{Heap before GC invocations=18 (full 4):
 PSYoungGen      total 872960K, used 637534K [0x000000076af80000, 0x00000007a3900000, 0x00000007c0000000)
  eden space 820736K, 77% used [0x000000076af80000,0x0000000791e17ba8,0x000000079d100000)
  from space 52224K, 0% used [0x000000079d100000,0x000000079d100000,0x00000007a0400000)
  to   space 52736K, 0% used [0x00000007a0580000,0x00000007a0580000,0x00000007a3900000)
 ParOldGen       total 160256K, used 91649K [0x00000006c0e00000, 0x00000006caa80000, 0x000000076af80000)
  object space 160256K, 57% used [0x00000006c0e00000,0x00000006c6780760,0x00000006caa80000)
 Metaspace       used 40972K, capacity 41345K, committed 41856K, reserved 1085440K
  class space    used 4998K, capacity 5123K, committed 5248K, reserved 1048576K
Event: 24.769 GC heap after
Heap after GC invocations=18 (full 4):
 PSYoungGen      total 860160K, used 52732K [0x000000076af80000, 0x00000007a5500000, 0x00000007c0000000)
  eden space 807424K, 0% used [0x000000076af80000,0x000000076af80000,0x000000079c400000)
  from space 52736K, 99% used [0x00000007a0580000,0x00000007a38ff060,0x00000007a3900000)
  to   space 67072K, 0% used [0x000000079c400000,0x000000079c400000,0x00000007a0580000)
 ParOldGen       total 160256K, used 105549K [0x00000006c0e00000, 0x00000006caa80000, 0x000000076af80000)
  object space 160256K, 65% used [0x00000006c0e00000,0x00000006c7513458,0x00000006caa80000)
 Metaspace       used 40972K, capacity 41345K, committed 41856K, reserved 1085440K
  class space    used 4998K, capacity 5123K, committed 5248K, reserved 1048576K
}
Event: 24.769 GC heap before
{Heap before GC invocations=19 (full 5):
 PSYoungGen      total 860160K, used 52732K [0x000000076af80000, 0x00000007a5500000, 0x00000007c0000000)
  eden space 807424K, 0% used [0x000000076af80000,0x000000076af80000,0x000000079c400000)
  from space 52736K, 99% used [0x00000007a0580000,0x00000007a38ff060,0x00000007a3900000)
  to   space 67072K, 0% used [0x000000079c400000,0x000000079c400000,0x00000007a0580000)
 ParOldGen       total 160256K, used 105549K [0x00000006c0e00000, 0x00000006caa80000, 0x000000076af80000)
  object space 160256K, 65% used [0x00000006c0e00000,0x00000006c7513458,0x00000006caa80000)
 Metaspace       used 40972K, capacity 41345K, committed 41856K, reserved 1085440K
  class space    used 4998K, capacity 5123K, committed 5248K, reserved 1048576K
Event: 25.313 GC heap after
Heap after GC invocations=19 (full 5):
 PSYoungGen      total 860160K, used 0K [0x000000076af80000, 0x00000007a5500000, 0x00000007c0000000)
  eden space 807424K, 0% used [0x000000076af80000,0x000000076af80000,0x000000079c400000)
  from space 52736K, 0% used [0x00000007a0580000,0x00000007a0580000,0x00000007a3900000)
  to   space 67072K, 0% used [0x000000079c400000,0x000000079c400000,0x00000007a0580000)
 ParOldGen       total 160256K, used 153024K [0x00000006c0e00000, 0x00000006caa80000, 0x000000076af80000)
  object space 160256K, 95% used [0x00000006c0e00000,0x00000006ca370240,0x00000006caa80000)
 Metaspace       used 40972K, capacity 41345K, committed 41856K, reserved 1085440K
  class space    used 4998K, capacity 5123K, committed 5248K, reserved 1048576K
}
Event: 48.550 GC heap before
{Heap before GC invocations=20 (full 6):
 PSYoungGen      total 860160K, used 807424K [0x000000076af80000, 0x00000007a5500000, 0x00000007c0000000)
  eden space 807424K, 100% used [0x000000076af80000,0x000000079c400000,0x000000079c400000)
  from space 52736K, 0% used [0x00000007a0580000,0x00000007a0580000,0x00000007a3900000)
  to   space 67072K, 0% used [0x000000079c400000,0x000000079c400000,0x00000007a0580000)
 ParOldGen       total 160256K, used 153024K [0x00000006c0e00000, 0x00000006caa80000, 0x000000076af80000)
  object space 160256K, 95% used [0x00000006c0e00000,0x00000006ca370240,0x00000006caa80000)
 Metaspace       used 43359K, capacity 43737K, committed 44288K, reserved 1087488K
  class space    used 5100K, capacity 5255K, committed 5376K, reserved 1048576K
Event: 48.879 GC heap after
Heap after GC invocations=20 (full 6):
 PSYoungGen      total 860160K, used 36534K [0x000000076af80000, 0x00000007a5500000, 0x00000007c0000000)
  eden space 807424K, 4% used [0x000000076af80000,0x000000076d32d920,0x000000079c400000)
  from space 52736K, 0% used [0x00000007a0580000,0x00000007a0580000,0x00000007a3900000)
  to   space 67072K, 0% used [0x000000079c400000,0x000000079c400000,0x00000007a0580000)
 ParOldGen       total 305664K, used 159763K [0x00000006c0e00000, 0x00000006d3880000, 0x000000076af80000)
  object space 305664K, 52% used [0x00000006c0e00000,0x00000006caa04d50,0x00000006d3880000)
 Metaspace       used 43359K, capacity 43737K, committed 44288K, reserved 1087488K
  class space    used 5100K, capacity 5255K, committed 5376K, reserved 1048576K
}

